[debug] [2022-07-27T21:26:06.634Z] ----------------------------------------------------------------------
[debug] [2022-07-27T21:26:06.636Z] Command:       /usr/local/bin/node /usr/local/bin/firebase deploy
[debug] [2022-07-27T21:26:06.636Z] CLI Version:   11.0.1
[debug] [2022-07-27T21:26:06.636Z] Platform:      linux
[debug] [2022-07-27T21:26:06.636Z] Node Version:  v16.14.0
[debug] [2022-07-27T21:26:06.638Z] Time:          Wed Jul 27 2022 21:26:06 GMT+0000 (Greenwich Mean Time)
[debug] [2022-07-27T21:26:06.638Z] ----------------------------------------------------------------------
[debug] 
[debug] [2022-07-27T21:26:06.682Z] > command requires scopes: ["email","openid","https://www.googleapis.com/auth/cloudplatformprojects.readonly","https://www.googleapis.com/auth/firebase","https://www.googleapis.com/auth/cloud-platform"]
[debug] [2022-07-27T21:26:06.682Z] > authorizing via signed-in user (deedat5@gmail.com)
[debug] [2022-07-27T21:26:06.682Z] [iam] checking project startups-311a4 for permissions ["firebase.projects.get","firebasehosting.sites.update"]
[debug] [2022-07-27T21:26:06.683Z] > refreshing access token with scopes: []
[debug] [2022-07-27T21:26:06.684Z] >>> HTTP REQUEST POST https://www.googleapis.com/oauth2/v3/token  
 <request body omitted>
[debug] [2022-07-27T21:26:07.622Z] <<< HTTP RESPONSE 200 {"pragma":"no-cache","expires":"Mon, 01 Jan 1990 00:00:00 GMT","date":"Wed, 27 Jul 2022 21:26:06 GMT","cache-control":"no-cache, no-store, max-age=0, must-revalidate","content-type":"application/json; charset=utf-8","vary":"X-Origin, Referer, Origin,Accept-Encoding","server":"scaffolding on HTTPServer2","x-xss-protection":"0","x-frame-options":"SAMEORIGIN","x-content-type-options":"nosniff","alt-svc":"h3=\":443\"; ma=2592000,h3-29=\":443\"; ma=2592000,h3-Q050=\":443\"; ma=2592000,h3-Q046=\":443\"; ma=2592000,h3-Q043=\":443\"; ma=2592000,quic=\":443\"; ma=2592000; v=\"46,43\"","accept-ranges":"none","transfer-encoding":"chunked"}
[debug] [2022-07-27T21:26:07.631Z] >>> [apiv2][query] POST https://cloudresourcemanager.googleapis.com/v1/projects/startups-311a4:testIamPermissions [none]
[debug] [2022-07-27T21:26:07.631Z] >>> [apiv2][body] POST https://cloudresourcemanager.googleapis.com/v1/projects/startups-311a4:testIamPermissions {"permissions":["firebase.projects.get","firebasehosting.sites.update"]}
[debug] [2022-07-27T21:26:09.842Z] <<< [apiv2][status] POST https://cloudresourcemanager.googleapis.com/v1/projects/startups-311a4:testIamPermissions 200
[debug] [2022-07-27T21:26:09.842Z] <<< [apiv2][body] POST https://cloudresourcemanager.googleapis.com/v1/projects/startups-311a4:testIamPermissions {"permissions":["firebase.projects.get","firebasehosting.sites.update"]}
[debug] [2022-07-27T21:26:09.843Z] >>> [apiv2][query] GET https://firebase.googleapis.com/v1beta1/projects/startups-311a4 [none]
